生成启动时间为 2014/6/23 15:31:29。
     1>项目“D:\Users\m\documents\visual studio 2010\Projects\ReadQQdb\ReadQQdb\ReadQQdb.vcxproj”在节点 2 上(build 个目标)。
     1>InitializeBuildStatus:
         正在创建“Debug\ReadQQdb.unsuccessfulbuild”，因为已指定“AlwaysCreate”。
       ClCompile:
         所有输出均为最新。
         D:\Program Files\Microsoft Visual Studio 10.0\VC\bin\CL.exe /c /ZI /nologo /W3 /WX- /Od /Oy- /D WIN32 /D _DEBUG /D _CONSOLE /D _MBCS /Gm /EHsc /RTC1 /MTd /GS /fp:precise /Zc:wchar_t /Zc:forScope /Yu"StdAfx.h" /Fp"Debug\ReadQQdb.pch" /Fo"Debug\\" /Fd"Debug\vc100.pdb" /Gd /TP /analyze- /errorReport:prompt ReadQQdb.cpp
         ReadQQdb.cpp
     1>d:\users\m\documents\visual studio 2010\projects\readqqdb\readqqdb\readqqdb.cpp(13): warning C4996: 'fopen': This function or variable may be unsafe. Consider using fopen_s instead. To disable deprecation, use _CRT_SECURE_NO_WARNINGS. See online help for details.
                 d:\program files\microsoft visual studio 10.0\vc\include\stdio.h(234) : 参见“fopen”的声明
       ManifestResourceCompile:
         所有输出均为最新。
       Link:
         D:\Program Files\Microsoft Visual Studio 10.0\VC\bin\link.exe /ERRORREPORT:PROMPT /OUT:"D:\Users\m\documents\visual studio 2010\Projects\ReadQQdb\Debug\ReadQQdb.exe" /INCREMENTAL /NOLOGO /MANIFEST /ManifestFile:"Debug\ReadQQdb.exe.intermediate.manifest" /MANIFESTUAC:"level='asInvoker' uiAccess='false'" /DEBUG /PDB:"D:\Users\m\documents\visual studio 2010\Projects\ReadQQdb\Debug\ReadQQdb.pdb" /SUBSYSTEM:CONSOLE /TLBID:1 /DYNAMICBASE /NXCOMPAT /IMPLIB:"D:\Users\m\documents\visual studio 2010\Projects\ReadQQdb\Debug\ReadQQdb.lib" /MACHINE:X86 Debug\ReadQQdb.exe.embed.manifest.res
         Debug\ReadQQdb.obj
         Debug\stdafx.obj
       Manifest:
         C:\Program Files (x86)\Microsoft SDKs\Windows\v7.0A\bin\mt.exe /nologo /verbose /out:"Debug\ReadQQdb.exe.embed.manifest" /manifest Debug\ReadQQdb.exe.intermediate.manifest "D:\Program Files\Microsoft Visual Studio 10.0\VC\Include\Manifest\dpiaware.manifest"
         所有输出均为最新。
       LinkEmbedManifest:
         所有输出均为最新。
         ReadQQdb.vcxproj -> D:\Users\m\documents\visual studio 2010\Projects\ReadQQdb\Debug\ReadQQdb.exe
       FinalizeBuildStatus:
         正在删除文件“Debug\ReadQQdb.unsuccessfulbuild”。
         正在对“Debug\ReadQQdb.lastbuildstate”执行 Touch 任务。
     1>已完成生成项目“D:\Users\m\documents\visual studio 2010\Projects\ReadQQdb\ReadQQdb\ReadQQdb.vcxproj”(build 个目标)的操作。

生成成功。

已用时间 00:00:01.59
